<?xml version="1.0" encoding="UTF-8"?>
<testng-results ignored="0" total="1" passed="1" failed="0" skipped="0">
  <reporter-output>
  </reporter-output>
  <suite started-at="2021-08-31T14:11:05Z" name="Default suite" finished-at="2021-08-31T14:11:08Z" duration-ms="3873">
    <groups>
    </groups>
    <test started-at="2021-08-31T14:11:05Z" name="Default test" finished-at="2021-08-31T14:11:08Z" duration-ms="3873">
      <class name="testCase.pracs">
        <test-method is-config="true" signature="StartRepor()[pri:0, instance:testCase.pracs@11f0a5a1]" started-at="2021-08-31T14:11:05Z" name="StartRepor" finished-at="2021-08-31T14:11:08Z" duration-ms="3457" status="PASS">
          <reporter-output>
          </reporter-output>
        </test-method> <!-- StartRepor -->
        <test-method signature="MyReviewPage()[pri:1, instance:testCase.pracs@11f0a5a1]" started-at="2021-08-31T14:11:08Z" name="MyReviewPage" finished-at="2021-08-31T14:11:08Z" duration-ms="8" status="PASS">
          <reporter-output>
          </reporter-output>
        </test-method> <!-- MyReviewPage -->
        <test-method is-config="true" signature="EndReport()[pri:0, instance:testCase.pracs@11f0a5a1]" started-at="2021-08-31T14:11:08Z" name="EndReport" finished-at="2021-08-31T14:11:08Z" duration-ms="380" status="PASS">
          <reporter-output>
          </reporter-output>
        </test-method> <!-- EndReport -->
      </class> <!-- testCase.pracs -->
    </test> <!-- Default test -->
  </suite> <!-- Default suite -->
</testng-results>
